<?xml version="1.0" encoding="UTF-8"?>
<testsuites name="UnSuccesfullSearchTest" time="30" tests="1" failures="0" errors="0">
   <testsuite name="UnSuccesfullSearchTest" tests="1" failures="0" errors="0" time="30" timestamp="2019-08-18 16:43:32" hostname="ashariff - co-ashariff-lt1.us.int.genesyslab.com" id="Test Suites/CNN Test Run/TestSuites/UnSuccesfullSearchTest">
      <properties>
         <property name="deviceName" value=""/>
         <property name="devicePlatform" value=""/>
         <property name="logFolder" value="C:\\Users\\ashariff\\Katalon Studio\\CNN\\Reports\\CNN Test Run\\TestSuites\\UnSuccesfullSearchTest\\20190818_164326"/>
         <property name="logFiles" value="C:\\Users\\ashariff\\Katalon Studio\\CNN\\Reports\\CNN Test Run\\TestSuites\\UnSuccesfullSearchTest\\20190818_164326\\execution0.log"/>
         <property name="attachments" value="C:\\Users\\ashariff\\Katalon Studio\\CNN\\Reports\\CNN Test Run\\TestSuites\\UnSuccesfullSearchTest\\20190818_164326\\1566164632825.png, C:\\Users\\ashariff\\Katalon Studio\\CNN\\Reports\\CNN Test Run\\TestSuites\\UnSuccesfullSearchTest\\20190818_164326\\1566164635657.png, C:\\Users\\ashariff\\Katalon Studio\\CNN\\Reports\\CNN Test Run\\TestSuites\\UnSuccesfullSearchTest\\20190818_164326\\1566164640673.png"/>
         <property name="hostName" value="ashariff - co-ashariff-lt1.us.int.genesyslab.com"/>
         <property name="os" value="Windows 10 64bit"/>
         <property name="katalonVersion" value="5.8.6.1"/>
         <property name="browser" value="Chrome 76.0.3809.100"/>
         <property name="hostAddress" value="192.168.56.1"/>
         <property name="sessionId" value="6dd3b86a2d0871b1f3dd760c24bec7ee"/>
         <property name="seleniumVersion" value="3.7.1"/>
         <property name="proxyInformation" value="ProxyInformation{proxyOption=NO_PROXY, proxyServerType=HTTP, password=, proxyServerAddress=, proxyServerPort=0}"/>
         <property name="platform" value="Windows 10"/>
      </properties>
      <testcase name="Test Cases/Cnn/SearchNFLFake" classname="Test Cases/Cnn/SearchNFLFake" status="PASSED">
         <system-out><![CDATA[2019-08-18 16:43:32 - [TEST_CASE][PASSED] - Test Cases/Cnn/SearchNFLFake: Test Cases/Cnn/SearchNFLFake

2019-08-18 16:43:32 - [TEST_STEP][PASSED] - Start listener action : beforeTestCase: Invoke 'com.kms.katalon.core.annotation.BeforeTestCase' method: 'CNNListener.beforeTestCase(...)' completed.

2019-08-18 16:43:33 - [TEST_STEP][PASSED] - openBrowser: Browser is opened with url: ''

2019-08-18 16:43:40 - [MESSAGE][PASSED] - Browser is opened with url: ''

2019-08-18 16:43:40 - [TEST_STEP][PASSED] - maximizeWindow: Current window maximized

2019-08-18 16:43:41 - [MESSAGE][PASSED] - Current window maximized

2019-08-18 16:43:41 - [TEST_STEP][PASSED] - navigateToUrl: Navigate to 'https://edition.cnn.com/' successfully

2019-08-18 16:43:52 - [MESSAGE][PASSED] - Navigate to 'https://edition.cnn.com/' successfully

2019-08-18 16:43:52 - [TEST_STEP][PASSED] - waitForElementPresent: Object 'Object Repository/CNN/search_Button_HomePage' is present

2019-08-18 16:43:52 - [MESSAGE][PASSED] - Object 'Object Repository/CNN/search_Button_HomePage' is present

2019-08-18 16:43:52 - [TEST_STEP][PASSED] - takeScreenshot: Taking screenshot successfully

2019-08-18 16:43:54 - [MESSAGE][PASSED] - Taking screenshot successfully
[[ATTACHMENT|C:\\Users\\ashariff\\Katalon Studio\\CNN\\Reports\\CNN Test Run\\TestSuites\\UnSuccesfullSearchTest\\20190818_164326\\1566164632825.png]]

2019-08-18 16:43:54 - [TEST_STEP][PASSED] - Statement - Title = com.kms.katalon.core.webui.keyword.WebUiBuiltInKeywords.getWindowTitle(): Current window's title is: 'CNN International - Breaking News, US News, World News and Video'

2019-08-18 16:43:54 - [MESSAGE][PASSED] - Current window's title is: 'CNN International - Breaking News, US News, World News and Video'

2019-08-18 16:43:54 - [TEST_STEP][PASSED] - Statement - assert Title.contains("CNN"): null

2019-08-18 16:43:54 - [TEST_STEP][PASSED] - Statement - com.kms.katalon.core.util.KeywordUtil.logInfo(Title): Invoke 'com.kms.katalon.core.annotation.BeforeTestCase' method: 'CNNListener.beforeTestCase(...)' completed.

2019-08-18 16:43:54 - [TEST_STEP][PASSED] - click: Object: 'Object Repository/CNN/search_Button_HomePage' is clicked on

2019-08-18 16:43:55 - [MESSAGE][PASSED] - Object: 'Object Repository/CNN/search_Button_HomePage' is clicked on

2019-08-18 16:43:55 - [TEST_STEP][PASSED] - waitForElementPresent: Object 'Object Repository/CNN/input_text_bar' is present

2019-08-18 16:43:55 - [MESSAGE][PASSED] - Object 'Object Repository/CNN/input_text_bar' is present

2019-08-18 16:43:55 - [TEST_STEP][PASSED] - click: Object: 'Object Repository/CNN/input_text_bar' is clicked on

2019-08-18 16:43:55 - [MESSAGE][PASSED] - Object: 'Object Repository/CNN/input_text_bar' is clicked on

2019-08-18 16:43:55 - [TEST_STEP][PASSED] - waitForElementPresent: Object 'Object Repository/CNN/searchText_button' is present

2019-08-18 16:43:55 - [MESSAGE][PASSED] - Object 'Object Repository/CNN/searchText_button' is present

2019-08-18 16:43:55 - [TEST_STEP][PASSED] - setText: Text 'NFLFake' is set on object 'Object Repository/CNN/input_text_bar'

2019-08-18 16:43:55 - [MESSAGE][PASSED] - Text 'NFLFake' is set on object 'Object Repository/CNN/input_text_bar'

2019-08-18 16:43:55 - [TEST_STEP][PASSED] - takeScreenshot: Taking screenshot successfully

2019-08-18 16:43:56 - [MESSAGE][PASSED] - Taking screenshot successfully
[[ATTACHMENT|C:\\Users\\ashariff\\Katalon Studio\\CNN\\Reports\\CNN Test Run\\TestSuites\\UnSuccesfullSearchTest\\20190818_164326\\1566164635657.png]]

2019-08-18 16:43:56 - [TEST_STEP][PASSED] - click: Object: 'Object Repository/CNN/searchText_button' is clicked on

2019-08-18 16:44:00 - [MESSAGE][PASSED] - Object: 'Object Repository/CNN/searchText_button' is clicked on

2019-08-18 16:44:00 - [TEST_STEP][PASSED] - waitForElementPresent: Object 'Object Repository/CNN/div_resultlist' is present

2019-08-18 16:44:00 - [MESSAGE][PASSED] - Object 'Object Repository/CNN/div_resultlist' is present

2019-08-18 16:44:00 - [TEST_STEP][PASSED] - takeScreenshot: Taking screenshot successfully

2019-08-18 16:44:01 - [MESSAGE][PASSED] - Taking screenshot successfully
[[ATTACHMENT|C:\\Users\\ashariff\\Katalon Studio\\CNN\\Reports\\CNN Test Run\\TestSuites\\UnSuccesfullSearchTest\\20190818_164326\\1566164640673.png]]

2019-08-18 16:44:01 - [TEST_STEP][PASSED] - cnn.VerifySearchResult.verifyUnSuccessfullCNNPageSearch: cnn.VerifySearchResult.verifyUnSuccessfullCNNPageSearch is PASSED

2019-08-18 16:44:01 - [MESSAGE][PASSED] - Text of object 'Object Repository/CNN/div_resultlist' is: 'Your search for NFLFake did not match any documents.
A few suggestions
Make sure all words are spelled correctly
Try different keywords
Try more general keywords'

2019-08-18 16:44:01 - [MESSAGE][PASSED] - cnn.VerifySearchResult.verifyUnSuccessfullCNNPageSearch is PASSED

2019-08-18 16:44:01 - [TEST_STEP][PASSED] - Start listener action : afterTestCase: Browser is closed

2019-08-18 16:44:01 - [TEST_STEP][PASSED] - closeBrowser: Browser is closed

2019-08-18 16:44:03 - [MESSAGE][PASSED] - Browser is closed]]></system-out>
         <system-err><![CDATA[]]></system-err>
      </testcase>
      <system-out><![CDATA[2019-08-18 16:43:32 - [TEST_SUITE][PASSED] - UnSuccesfullSearchTest: Test Cases/Cnn/SearchNFLFake]]></system-out>
      <system-err><![CDATA[]]></system-err>
   </testsuite>
</testsuites>
